 
----------------------------------------------
~~~~~~~~~~ Ping Test with 3 ping(s) ~~~~~~~~~~
~~~~~~~~~~~~~ Pinging 5 services ~~~~~~~~~~~~~
~~~~~~~~~~~ 2025 03 29 20:41:23 ~~~~~~~~~~~~~~
----------------------------------------------
 
***
PING google.com (142.250.75.142) 56(84) bytes of data.
64 bytes from tztlva-ad-in-f14.1e100.net (142.250.75.142): icmp_seq=1 ttl=128 time=4.83 ms
64 bytes from tztlva-ad-in-f14.1e100.net (142.250.75.142): icmp_seq=2 ttl=128 time=7.16 ms
 
----------------------------------------------
~~~~~~~~~~~ Analysis of Results ~~~~~~~~~~~~~~
~~~~~~~~~~~ 2025 03 29 20:41:27 ~~~~~~~~~~~~~~
----------------------------------------------
 
   Website     Min      Max  
-----------------------------
facebook.com  49.700   49.700  
facebook.com  49.527   49.527  
facebook.com  46.908   46.908  
facebook.com  46.628   46.628  
facebook.com  46.565   46.565  
facebook.com  46.304   46.866  
facebook.com  45.823   46.041  
facebook.com  45.751   45.751  
facebook.com  45.708   45.708  
facebook.com  45.689   45.689  
facebook.com  45.651   45.651  
facebook.com  45.508   49.857  
facebook.com  45.485   45.485  
facebook.com  45.427   47.358  
facebook.com  45.415   45.415  
facebook.com  45.361   47.830  
facebook.com  45.321   45.321  
facebook.com  45.286   45.286  
facebook.com  45.286   45.286  
facebook.com  45.233   45.982  
facebook.com  45.179   46.383  
facebook.com  44.952   47.749  
facebook.com  44.952   44.952  
facebook.com  44.893   70.626  
facebook.com  44.764   44.764  
facebook.com  44.719   47.333  
facebook.com  44.712   46.548  
facebook.com  44.688   44.688  
facebook.com  44.615   44.656  
facebook.com  44.550   46.791  
facebook.com  44.392   48.092  
facebook.com  44.371   47.039  
facebook.com  44.275   48.026  
facebook.com  44.254   45.615  
facebook.com  44.207   46.565  
facebook.com  44.126   44.126  
facebook.com  44.113   46.531  
facebook.com  44.096   84.061  
facebook.com  44.057   47.524  
facebook.com  43.967   53.684  
facebook.com  43.892   46.853  
facebook.com  43.834   43.834  
facebook.com  43.631   51.368  
facebook.com  43.542   254.471 
facebook.com  43.448   56.640  
facebook.com  43.126   46.805  
youtube.com   9.551    9.551   
google.com    8.636    8.636   
google.com    8.427    8.427   
google.com    8.289    8.289   
youtube.com   8.125    8.125   
google.com    8.018    10.134  
google.com    7.875    7.875   
youtube.com   7.773    7.773   
tiktok.com    7.733    7.733   
google.com    7.640    7.640   
google.com    7.595    7.595   
google.com    7.587    10.208  
google.com    7.562    7.562   
youtube.com   7.547    9.577   
youtube.com   7.457    7.457   
youtube.com   7.421    9.299   
youtube.com   7.368    10.533  
tiktok.com    7.361    7.361   
google.com    7.357    7.357   
youtube.com   7.238    9.083   
youtube.com   7.208    7.208   
google.com    7.182    7.921   
youtube.com   7.162    7.162   
google.com    7.145    8.473   
youtube.com   7.144    9.323   
google.com    7.092    7.092   
google.com    7.073    10.412  
tiktok.com    7.056    7.056   
youtube.com   7.052    10.561  
youtube.com   7.001    10.058  
youtube.com   6.931    10.266  
youtube.com   6.885    6.885   
google.com    6.871    8.776   
google.com    6.801    6.801   
youtube.com   6.765    12.826  
youtube.com   6.694    6.694   
google.com    6.643    6.697   
google.com    6.626    6.626   
youtube.com   6.535    9.856   
google.com    6.492    9.229   
youtube.com   6.472    8.846   
google.com    6.459    7.496   
google.com    6.386    8.118   
google.com    6.335    6.335   
google.com    6.326    8.266   
youtube.com   6.291    6.291   
tiktok.com    6.268    8.261   
youtube.com   6.251    8.855   
tiktok.com    6.170    8.187   
youtube.com   6.164    312.812 
youtube.com   6.156    10.822  
youtube.com   6.147    8.782   
tiktok.com    6.104    6.881   
google.com    6.064    8.911   
google.com    6.061    8.705   
google.com    6.061    6.061   
youtube.com   6.059    7.519   
google.com    6.021    351.540 
youtube.com   5.999    8.174   
tiktok.com    5.970    7.508   
youtube.com   5.951    5.951   
google.com    5.927    9.793   
youtube.com   5.924    7.513   
google.com    5.923    8.671   
youtube.com   5.809    8.491   
youtube.com   5.804    5.804   
tiktok.com    5.773    5.773   
google.com    5.752    5.752   
youtube.com   5.740    5.740   
google.com    5.703    8.346   
google.com    5.702    5.702   
youtube.com   5.682    5.682   
youtube.com   5.654    5.654   
tiktok.com    5.648    10.527  
google.com    5.628    386.111 
youtube.com   5.619    5.619   
youtube.com   5.612    13.037  
google.com    5.603    8.177   
google.com    5.600    7.168   
tiktok.com    5.594    7.603   
google.com    5.589    5.589   
tiktok.com    5.558    5.558   
google.com    5.557    9.015   
google.com    5.550    5.550   
tiktok.com    5.545    7.449   
google.com    5.535    8.787   
google.com    5.501    7.491   
tiktok.com    5.495    5.495   
tiktok.com    5.476    5.476   
youtube.com   5.446    7.566   
youtube.com   5.429    5.800   
tiktok.com    5.427    6.856   
tiktok.com    5.399    5.399   
youtube.com   5.379    5.379   
google.com    5.355    15.213  
tiktok.com    5.338    10.009  
tiktok.com    5.329    6.307   
tiktok.com    5.315    5.315   
tiktok.com    5.294    5.294   
youtube.com   5.288    8.179   
tiktok.com    5.254    5.254   
google.com    5.239    7.519   
tiktok.com    5.222    7.063   
google.com    5.217    7.747   
tiktok.com    5.178    5.178   
tiktok.com    5.157    7.896   
tiktok.com    5.137    5.137   
tiktok.com    5.135    8.353   
youtube.com   5.046    5.046   
google.com    4.956    4.956   
tiktok.com    4.944    7.538   
google.com    4.938    4.938   
tiktok.com    4.926    18.043  
tiktok.com    4.904    10.034  
tiktok.com    4.880    9.193   
tiktok.com    4.872    4.872   
tiktok.com    4.816    4.816   
tiktok.com    4.772    4.772   
tiktok.com    4.769    4.769   
tiktok.com    4.768    5.454   
tiktok.com    4.760    4.760   
tiktok.com    4.747    6.895   
google.com    4.746    8.123   
tiktok.com    4.706    7.245   
youtube.com   4.691    4.691   
tiktok.com    4.537    4.537   
youtube.com   4.462    4.462   
google.com    4.315    7.940   
tiktok.com    4.298    6.075   
tiktok.com    4.289    6.416   
tiktok.com    4.217    7.882   
tiktok.com    3.822    7.265   
tiktok.com    3.690    11.661  
tiktok.com    3.676    10.076  
netflix.com   N/A      N/A     
netflix.com   N/A      N/A     
netflix.com   N/A      N/A     
netflix.com   N/A      N/A     
netflix.com   N/A      N/A     
netflix.com   N/A      N/A     
netflix.com   N/A      N/A     
netflix.com   N/A      N/A     
netflix.com   N/A      N/A     
netflix.com   N/A      N/A     
netflix.com   N/A      N/A     
netflix.com   N/A      N/A     
 
     Summary of the results     
--------------------------------
Fastest: 
tiktok.com 3.676
Slowest: 
facebook.com 49.700
Average: 15.984
 
----------------------------------------------
~~~~~~~~~~ Ping Test with 1 ping(s) ~~~~~~~~~~
~~~~~~~~~~~~~ Pinging 5 services ~~~~~~~~~~~~~
~~~~~~~~~~~ 2025 03 29 20:42:15 ~~~~~~~~~~~~~~
----------------------------------------------
 
***
PING google.com (142.250.75.110) 56(84) bytes of data.
64 bytes from tztlva-ac-in-f14.1e100.net (142.250.75.110): icmp_seq=1 ttl=128 time=7.26 ms

--- google.com ping statistics ---
1 packets transmitted, 1 received, 0% packet loss, time 0ms
rtt min/avg/max/mdev = 7.257/7.257/7.257/0.000 ms
 
***
PING facebook.com (157.240.196.35) 56(84) bytes of data.
64 bytes from edge-star-mini-shv-02-mrs2.facebook.com (157.240.196.35): icmp_seq=1 ttl=128 time=45.5 ms

--- facebook.com ping statistics ---
1 packets transmitted, 1 received, 0% packet loss, time 0ms
rtt min/avg/max/mdev = 45.454/45.454/45.454/0.000 ms
 
***
PING tiktok.com (72.246.151.107) 56(84) bytes of data.
64 bytes from a72-246-151-107.deploy.static.akamaitechnologies.com (72.246.151.107): icmp_seq=1 ttl=128 time=6.60 ms

--- tiktok.com ping statistics ---
1 packets transmitted, 1 received, 0% packet loss, time 0ms
rtt min/avg/max/mdev = 6.595/6.595/6.595/0.000 ms
 
***
PING youtube.com (142.250.75.110) 56(84) bytes of data.
64 bytes from tztlva-ac-in-f14.1e100.net (142.250.75.110): icmp_seq=1 ttl=128 time=7.38 ms

--- youtube.com ping statistics ---
1 packets transmitted, 1 received, 0% packet loss, time 0ms
rtt min/avg/max/mdev = 7.379/7.379/7.379/0.000 ms
 
***
 
----------------------------------------------
~~~~~~~~~~~ Analysis of Results ~~~~~~~~~~~~~~
~~~~~~~~~~~ 2025 03 29 20:42:18 ~~~~~~~~~~~~~~
----------------------------------------------
 
   Website     Min      Max  
-----------------------------
facebook.com  45.454   45.454  
youtube.com   7.379    7.379   
google.com    7.257    7.257   
tiktok.com    6.595    6.595   
 
     Summary of the results     
--------------------------------
Fastest: 
tiktok.com 6.595
Slowest: 
facebook.com 45.454
Average: 16.671
 
----------------------------------------------
~~~~~~~~~~ Ping Test with 1 ping(s) ~~~~~~~~~~
~~~~~~~~~~~~~ Pinging 5 services ~~~~~~~~~~~~~
~~~~~~~~~~~ 2025 03 29 22:15:45 ~~~~~~~~~~~~~~
----------------------------------------------
 
***
PING google.com (142.250.75.46) 56(84) bytes of data.
64 bytes from tztlva-aa-in-f14.1e100.net (142.250.75.46): icmp_seq=1 ttl=128 time=9.35 ms

--- google.com ping statistics ---
1 packets transmitted, 1 received, 0% packet loss, time 0ms
rtt min/avg/max/mdev = 9.353/9.353/9.353/0.000 ms
 
***
PING facebook.com (157.240.196.35) 56(84) bytes of data.
64 bytes from edge-star-mini-shv-02-mrs2.facebook.com (157.240.196.35): icmp_seq=1 ttl=128 time=46.1 ms

--- facebook.com ping statistics ---
1 packets transmitted, 1 received, 0% packet loss, time 0ms
rtt min/avg/max/mdev = 46.072/46.072/46.072/0.000 ms
 
***
PING tiktok.com (72.246.151.155) 56(84) bytes of data.
64 bytes from a72-246-151-155.deploy.static.akamaitechnologies.com (72.246.151.155): icmp_seq=1 ttl=128 time=7.22 ms

--- tiktok.com ping statistics ---
1 packets transmitted, 1 received, 0% packet loss, time 0ms
rtt min/avg/max/mdev = 7.221/7.221/7.221/0.000 ms
 
***
PING youtube.com (142.250.75.110) 56(84) bytes of data.
64 bytes from tztlva-ac-in-f14.1e100.net (142.250.75.110): icmp_seq=1 ttl=128 time=7.34 ms

--- youtube.com ping statistics ---
1 packets transmitted, 1 received, 0% packet loss, time 0ms
rtt min/avg/max/mdev = 7.337/7.337/7.337/0.000 ms
 
***
PING netflix.com (54.170.196.176) 56(84) bytes of data.

--- netflix.com ping statistics ---
1 packets transmitted, 0 received, 100% packet loss, time 0ms

 
----------------------------------------------
~~~~~~~~~~ Ping Test with 1 ping(s) ~~~~~~~~~~
~~~~~~~~~~~~~ Pinging 5 services ~~~~~~~~~~~~~
~~~~~~~~~~~ 2025 03 29 22:17:01 ~~~~~~~~~~~~~~
----------------------------------------------
 
***
PING google.com (142.250.75.78) 56(84) bytes of data.
64 bytes from tztlva-ab-in-f14.1e100.net (142.250.75.78): icmp_seq=1 ttl=128 time=6.33 ms

--- google.com ping statistics ---
1 packets transmitted, 1 received, 0% packet loss, time 0ms
rtt min/avg/max/mdev = 6.325/6.325/6.325/0.000 ms
 
***
PING facebook.com (157.240.196.35) 56(84) bytes of data.
64 bytes from edge-star-mini-shv-02-mrs2.facebook.com (157.240.196.35): icmp_seq=1 ttl=128 time=43.5 ms

--- facebook.com ping statistics ---
1 packets transmitted, 1 received, 0% packet loss, time 0ms
rtt min/avg/max/mdev = 43.531/43.531/43.531/0.000 ms
 
***
PING tiktok.com (72.246.151.155) 56(84) bytes of data.
64 bytes from a72-246-151-155.deploy.static.akamaitechnologies.com (72.246.151.155): icmp_seq=1 ttl=128 time=6.63 ms

--- tiktok.com ping statistics ---
1 packets transmitted, 1 received, 0% packet loss, time 0ms
rtt min/avg/max/mdev = 6.625/6.625/6.625/0.000 ms
 
***
PING youtube.com (142.250.75.46) 56(84) bytes of data.
64 bytes from tztlva-aa-in-f14.1e100.net (142.250.75.46): icmp_seq=1 ttl=128 time=5.09 ms

--- youtube.com ping statistics ---
1 packets transmitted, 1 received, 0% packet loss, time 0ms
rtt min/avg/max/mdev = 5.090/5.090/5.090/0.000 ms
 
***
PING netflix.com (3.251.50.149) 56(84) bytes of data.

--- netflix.com ping statistics ---
1 packets transmitted, 0 received, 100% packet loss, time 0ms

 
----------------------------------------------
~~~~~~~~~~ Ping Test with 1 ping(s) ~~~~~~~~~~
~~~~~~~~~~~~~ Pinging 5 services ~~~~~~~~~~~~~
~~~~~~~~~~~ 2025 03 29 22:18:06 ~~~~~~~~~~~~~~
----------------------------------------------
 
***
PING google.com (142.250.75.110) 56(84) bytes of data.
64 bytes from tztlva-ac-in-f14.1e100.net (142.250.75.110): icmp_seq=1 ttl=128 time=7.78 ms

--- google.com ping statistics ---
1 packets transmitted, 1 received, 0% packet loss, time 0ms
rtt min/avg/max/mdev = 7.776/7.776/7.776/0.000 ms
 
***
PING facebook.com (157.240.196.35) 56(84) bytes of data.
64 bytes from edge-star-mini-shv-02-mrs2.facebook.com (157.240.196.35): icmp_seq=1 ttl=128 time=45.0 ms

--- facebook.com ping statistics ---
1 packets transmitted, 1 received, 0% packet loss, time 0ms
rtt min/avg/max/mdev = 44.999/44.999/44.999/0.000 ms
 
***
PING tiktok.com (72.246.151.107) 56(84) bytes of data.
64 bytes from a72-246-151-107.deploy.static.akamaitechnologies.com (72.246.151.107): icmp_seq=1 ttl=128 time=5.23 ms

--- tiktok.com ping statistics ---
1 packets transmitted, 1 received, 0% packet loss, time 0ms
rtt min/avg/max/mdev = 5.234/5.234/5.234/0.000 ms
 
***
PING youtube.com (142.250.75.110) 56(84) bytes of data.
64 bytes from tztlva-ac-in-f14.1e100.net (142.250.75.110): icmp_seq=1 ttl=128 time=7.33 ms

--- youtube.com ping statistics ---
1 packets transmitted, 1 received, 0% packet loss, time 0ms
rtt min/avg/max/mdev = 7.327/7.327/7.327/0.000 ms
 
***
PING netflix.com (54.246.79.9) 56(84) bytes of data.

--- netflix.com ping statistics ---
1 packets transmitted, 0 received, 100% packet loss, time 0ms

 
----------------------------------------------
~~~~~~~~~~ Ping Test with 1 ping(s) ~~~~~~~~~~
~~~~~~~~~~~~~ Pinging 5 services ~~~~~~~~~~~~~
~~~~~~~~~~~ 2025 03 29 22:19:04 ~~~~~~~~~~~~~~
----------------------------------------------
 
***
PING google.com (142.250.75.46) 56(84) bytes of data.
64 bytes from tztlva-aa-in-f14.1e100.net (142.250.75.46): icmp_seq=1 ttl=128 time=6.69 ms

--- google.com ping statistics ---
1 packets transmitted, 1 received, 0% packet loss, time 0ms
rtt min/avg/max/mdev = 6.692/6.692/6.692/0.000 ms
 
***
PING facebook.com (157.240.196.35) 56(84) bytes of data.
64 bytes from edge-star-mini-shv-02-mrs2.facebook.com (157.240.196.35): icmp_seq=1 ttl=128 time=44.8 ms

--- facebook.com ping statistics ---
1 packets transmitted, 1 received, 0% packet loss, time 0ms
rtt min/avg/max/mdev = 44.809/44.809/44.809/0.000 ms
 
***
PING tiktok.com (72.246.151.155) 56(84) bytes of data.
64 bytes from a72-246-151-155.deploy.static.akamaitechnologies.com (72.246.151.155): icmp_seq=1 ttl=128 time=6.73 ms

--- tiktok.com ping statistics ---
1 packets transmitted, 1 received, 0% packet loss, time 0ms
rtt min/avg/max/mdev = 6.725/6.725/6.725/0.000 ms
 
***
PING youtube.com (142.250.75.46) 56(84) bytes of data.
64 bytes from tztlva-aa-in-f14.1e100.net (142.250.75.46): icmp_seq=1 ttl=128 time=7.11 ms

--- youtube.com ping statistics ---
1 packets transmitted, 1 received, 0% packet loss, time 0ms
rtt min/avg/max/mdev = 7.111/7.111/7.111/0.000 ms
 
***
PING netflix.com (54.170.196.176) 56(84) bytes of data.

--- netflix.com ping statistics ---
1 packets transmitted, 0 received, 100% packet loss, time 0ms

 
----------------------------------------------
~~~~~~~~~~ Ping Test with 1 ping(s) ~~~~~~~~~~
~~~~~~~~~~~~~ Pinging 5 services ~~~~~~~~~~~~~
~~~~~~~~~~~ 2025 03 29 22:19:33 ~~~~~~~~~~~~~~
----------------------------------------------
 
***
PING google.com (142.250.75.46) 56(84) bytes of data.
64 bytes from tztlva-aa-in-f14.1e100.net (142.250.75.46): icmp_seq=1 ttl=128 time=6.00 ms

--- google.com ping statistics ---
1 packets transmitted, 1 received, 0% packet loss, time 0ms
rtt min/avg/max/mdev = 6.004/6.004/6.004/0.000 ms
 
***
PING facebook.com (157.240.196.35) 56(84) bytes of data.
64 bytes from edge-star-mini-shv-02-mrs2.facebook.com (157.240.196.35): icmp_seq=1 ttl=128 time=45.0 ms

--- facebook.com ping statistics ---
1 packets transmitted, 1 received, 0% packet loss, time 0ms
rtt min/avg/max/mdev = 44.979/44.979/44.979/0.000 ms
 
***
PING tiktok.com (72.246.151.145) 56(84) bytes of data.
64 bytes from a72-246-151-145.deploy.static.akamaitechnologies.com (72.246.151.145): icmp_seq=1 ttl=128 time=5.24 ms

--- tiktok.com ping statistics ---
1 packets transmitted, 1 received, 0% packet loss, time 0ms
rtt min/avg/max/mdev = 5.242/5.242/5.242/0.000 ms
 
***
PING youtube.com (142.250.75.46) 56(84) bytes of data.
64 bytes from tztlva-aa-in-f14.1e100.net (142.250.75.46): icmp_seq=1 ttl=128 time=5.48 ms

--- youtube.com ping statistics ---
1 packets transmitted, 1 received, 0% packet loss, time 0ms
rtt min/avg/max/mdev = 5.475/5.475/5.475/0.000 ms
 
***
PING netflix.com (18.200.8.190) 56(84) bytes of data.

--- netflix.com ping statistics ---
1 packets transmitted, 0 received, 100% packet loss, time 0ms

 
----------------------------------------------
~~~~~~~~~~ Ping Test with 1 ping(s) ~~~~~~~~~~
~~~~~~~~~~~~~ Pinging 5 services ~~~~~~~~~~~~~
~~~~~~~~~~~ 2025 03 29 22:24:49 ~~~~~~~~~~~~~~
----------------------------------------------
 
***
PING google.com (142.250.75.174) 56(84) bytes of data.
64 bytes from lctlvq-ad-in-f14.1e100.net (142.250.75.174): icmp_seq=1 ttl=128 time=4.94 ms

--- google.com ping statistics ---
1 packets transmitted, 1 received, 0% packet loss, time 0ms
rtt min/avg/max/mdev = 4.935/4.935/4.935/0.000 ms
 
***
PING facebook.com (157.240.196.35) 56(84) bytes of data.
64 bytes from edge-star-mini-shv-02-mrs2.facebook.com (157.240.196.35): icmp_seq=1 ttl=128 time=46.1 ms

--- facebook.com ping statistics ---
1 packets transmitted, 1 received, 0% packet loss, time 0ms
rtt min/avg/max/mdev = 46.051/46.051/46.051/0.000 ms
 
***
PING tiktok.com (72.246.151.107) 56(84) bytes of data.
64 bytes from a72-246-151-107.deploy.static.akamaitechnologies.com (72.246.151.107): icmp_seq=1 ttl=128 time=4.59 ms

--- tiktok.com ping statistics ---
1 packets transmitted, 1 received, 0% packet loss, time 0ms
rtt min/avg/max/mdev = 4.592/4.592/4.592/0.000 ms
 
***
PING youtube.com (142.250.75.78) 56(84) bytes of data.
64 bytes from tztlva-ab-in-f14.1e100.net (142.250.75.78): icmp_seq=1 ttl=128 time=7.62 ms

--- youtube.com ping statistics ---
1 packets transmitted, 1 received, 0% packet loss, time 0ms
rtt min/avg/max/mdev = 7.620/7.620/7.620/0.000 ms
 
***
PING netflix.com (54.155.178.5) 56(84) bytes of data.

--- netflix.com ping statistics ---
1 packets transmitted, 0 received, 100% packet loss, time 0ms

 
----------------------------------------------
~~~~~~~~~~ Ping Test with 1 ping(s) ~~~~~~~~~~
~~~~~~~~~~~~~ Pinging 5 services ~~~~~~~~~~~~~
~~~~~~~~~~~ 2025 03 29 22:26:49 ~~~~~~~~~~~~~~
----------------------------------------------
 
***
PING google.com (142.250.75.174) 56(84) bytes of data.
64 bytes from lctlvq-ad-in-f14.1e100.net (142.250.75.174): icmp_seq=1 ttl=128 time=6.91 ms

--- google.com ping statistics ---
1 packets transmitted, 1 received, 0% packet loss, time 0ms
rtt min/avg/max/mdev = 6.911/6.911/6.911/0.000 ms
 
***
PING facebook.com (157.240.196.35) 56(84) bytes of data.
64 bytes from edge-star-mini-shv-02-mrs2.facebook.com (157.240.196.35): icmp_seq=1 ttl=128 time=45.8 ms

--- facebook.com ping statistics ---
1 packets transmitted, 1 received, 0% packet loss, time 0ms
rtt min/avg/max/mdev = 45.847/45.847/45.847/0.000 ms
 
***
PING tiktok.com (72.246.151.155) 56(84) bytes of data.
64 bytes from a72-246-151-155.deploy.static.akamaitechnologies.com (72.246.151.155): icmp_seq=1 ttl=128 time=4.80 ms

--- tiktok.com ping statistics ---
1 packets transmitted, 1 received, 0% packet loss, time 0ms
rtt min/avg/max/mdev = 4.799/4.799/4.799/0.000 ms
 
***
PING youtube.com (142.250.75.174) 56(84) bytes of data.
64 bytes from lctlvq-ad-in-f14.1e100.net (142.250.75.174): icmp_seq=1 ttl=128 time=7.45 ms

--- youtube.com ping statistics ---
1 packets transmitted, 1 received, 0% packet loss, time 0ms
rtt min/avg/max/mdev = 7.451/7.451/7.451/0.000 ms
 
***
PING netflix.com (18.200.8.190) 56(84) bytes of data.

--- netflix.com ping statistics ---
1 packets transmitted, 0 received, 100% packet loss, time 0ms

 
----------------------------------------------
~~~~~~~~~~ Ping Test with 1 ping(s) ~~~~~~~~~~
~~~~~~~~~~~~~ Pinging 5 services ~~~~~~~~~~~~~
~~~~~~~~~~~ 2025 03 29 22:30:44 ~~~~~~~~~~~~~~
----------------------------------------------
 
***
PING google.com (142.250.75.174) 56(84) bytes of data.
64 bytes from lctlvq-ad-in-f14.1e100.net (142.250.75.174): icmp_seq=1 ttl=128 time=6.34 ms

--- google.com ping statistics ---
1 packets transmitted, 1 received, 0% packet loss, time 0ms
rtt min/avg/max/mdev = 6.339/6.339/6.339/0.000 ms
 
***
PING facebook.com (157.240.196.35) 56(84) bytes of data.
64 bytes from edge-star-mini-shv-02-mrs2.facebook.com (157.240.196.35): icmp_seq=1 ttl=128 time=45.6 ms

--- facebook.com ping statistics ---
1 packets transmitted, 1 received, 0% packet loss, time 0ms
rtt min/avg/max/mdev = 45.610/45.610/45.610/0.000 ms
 
***
PING tiktok.com (104.77.202.98) 56(84) bytes of data.
64 bytes from a104-77-202-98.deploy.static.akamaitechnologies.com (104.77.202.98): icmp_seq=1 ttl=128 time=4.96 ms

--- tiktok.com ping statistics ---
1 packets transmitted, 1 received, 0% packet loss, time 0ms
rtt min/avg/max/mdev = 4.959/4.959/4.959/0.000 ms
 
***
PING youtube.com (142.250.75.78) 56(84) bytes of data.
64 bytes from tztlva-ab-in-f14.1e100.net (142.250.75.78): icmp_seq=1 ttl=128 time=7.30 ms

--- youtube.com ping statistics ---
1 packets transmitted, 1 received, 0% packet loss, time 0ms
rtt min/avg/max/mdev = 7.296/7.296/7.296/0.000 ms
 
***
PING netflix.com (54.155.246.232) 56(84) bytes of data.

--- netflix.com ping statistics ---
1 packets transmitted, 0 received, 100% packet loss, time 0ms

 
----------------------------------------------
~~~~~~~~~~ Ping Test with 1 ping(s) ~~~~~~~~~~
~~~~~~~~~~~~~ Pinging 5 services ~~~~~~~~~~~~~
~~~~~~~~~~~ 2025 03 29 22:32:08 ~~~~~~~~~~~~~~
----------------------------------------------
 
***
PING google.com (142.250.75.46) 56(84) bytes of data.
64 bytes from tztlva-aa-in-f14.1e100.net (142.250.75.46): icmp_seq=1 ttl=128 time=5.22 ms

--- google.com ping statistics ---
1 packets transmitted, 1 received, 0% packet loss, time 0ms
rtt min/avg/max/mdev = 5.224/5.224/5.224/0.000 ms
 
***
PING facebook.com (157.240.196.35) 56(84) bytes of data.
64 bytes from edge-star-mini-shv-02-mrs2.facebook.com (157.240.196.35): icmp_seq=1 ttl=128 time=46.0 ms

--- facebook.com ping statistics ---
1 packets transmitted, 1 received, 0% packet loss, time 0ms
rtt min/avg/max/mdev = 46.026/46.026/46.026/0.000 ms
 
***
PING tiktok.com (72.246.151.130) 56(84) bytes of data.
64 bytes from a72-246-151-130.deploy.static.akamaitechnologies.com (72.246.151.130): icmp_seq=1 ttl=128 time=6.48 ms

--- tiktok.com ping statistics ---
1 packets transmitted, 1 received, 0% packet loss, time 0ms
rtt min/avg/max/mdev = 6.484/6.484/6.484/0.000 ms
 
***
PING youtube.com (142.250.75.78) 56(84) bytes of data.
64 bytes from tztlva-ab-in-f14.1e100.net (142.250.75.78): icmp_seq=1 ttl=128 time=5.09 ms

--- youtube.com ping statistics ---
1 packets transmitted, 1 received, 0% packet loss, time 0ms
rtt min/avg/max/mdev = 5.087/5.087/5.087/0.000 ms
 
***
 
----------------------------------------------
~~~~~~~~~~ Ping Test with 1 ping(s) ~~~~~~~~~~
~~~~~~~~~~~~~ Pinging 5 services ~~~~~~~~~~~~~
~~~~~~~~~~~ 2025 03 29 22:33:27 ~~~~~~~~~~~~~~
----------------------------------------------
 
***
PING google.com (142.250.75.110) 56(84) bytes of data.
64 bytes from tztlva-ac-in-f14.1e100.net (142.250.75.110): icmp_seq=1 ttl=128 time=7.12 ms

--- google.com ping statistics ---
1 packets transmitted, 1 received, 0% packet loss, time 0ms
rtt min/avg/max/mdev = 7.119/7.119/7.119/0.000 ms
 
***
PING facebook.com (157.240.196.35) 56(84) bytes of data.
64 bytes from edge-star-mini-shv-02-mrs2.facebook.com (157.240.196.35): icmp_seq=1 ttl=128 time=45.5 ms

--- facebook.com ping statistics ---
1 packets transmitted, 1 received, 0% packet loss, time 0ms
rtt min/avg/max/mdev = 45.520/45.520/45.520/0.000 ms
 
***
PING tiktok.com (104.77.202.98) 56(84) bytes of data.
64 bytes from a104-77-202-98.deploy.static.akamaitechnologies.com (104.77.202.98): icmp_seq=1 ttl=128 time=5.03 ms

--- tiktok.com ping statistics ---
1 packets transmitted, 1 received, 0% packet loss, time 0ms
rtt min/avg/max/mdev = 5.029/5.029/5.029/0.000 ms
 
***
PING youtube.com (142.250.75.78) 56(84) bytes of data.
64 bytes from tztlva-ab-in-f14.1e100.net (142.250.75.78): icmp_seq=1 ttl=128 time=7.18 ms

--- youtube.com ping statistics ---
1 packets transmitted, 1 received, 0% packet loss, time 0ms
rtt min/avg/max/mdev = 7.177/7.177/7.177/0.000 ms
 
***
PING netflix.com (54.170.196.176) 56(84) bytes of data.

--- netflix.com ping statistics ---
1 packets transmitted, 0 received, 100% packet loss, time 0ms

 
----------------------------------------------
~~~~~~~~~~ Ping Test with 1 ping(s) ~~~~~~~~~~
~~~~~~~~~~~~~ Pinging 5 services ~~~~~~~~~~~~~
~~~~~~~~~~~ 2025 03 29 22:37:19 ~~~~~~~~~~~~~~
----------------------------------------------
 
***
PING google.com (142.250.75.142) 56(84) bytes of data.
64 bytes from tztlva-ad-in-f14.1e100.net (142.250.75.142): icmp_seq=1 ttl=128 time=5.53 ms

--- google.com ping statistics ---
1 packets transmitted, 1 received, 0% packet loss, time 0ms
rtt min/avg/max/mdev = 5.532/5.532/5.532/0.000 ms
 
***
PING facebook.com (157.240.196.35) 56(84) bytes of data.
64 bytes from edge-star-mini-shv-02-mrs2.facebook.com (157.240.196.35): icmp_seq=1 ttl=128 time=46.0 ms

--- facebook.com ping statistics ---
1 packets transmitted, 1 received, 0% packet loss, time 0ms
rtt min/avg/max/mdev = 46.045/46.045/46.045/0.000 ms
 
***
PING tiktok.com (104.77.202.83) 56(84) bytes of data.
64 bytes from a104-77-202-83.deploy.static.akamaitechnologies.com (104.77.202.83): icmp_seq=1 ttl=128 time=6.47 ms

--- tiktok.com ping statistics ---
1 packets transmitted, 1 received, 0% packet loss, time 0ms
rtt min/avg/max/mdev = 6.465/6.465/6.465/0.000 ms
 
***
PING youtube.com (142.250.75.174) 56(84) bytes of data.
64 bytes from lctlvq-ad-in-f14.1e100.net (142.250.75.174): icmp_seq=1 ttl=128 time=5.38 ms

--- youtube.com ping statistics ---
1 packets transmitted, 1 received, 0% packet loss, time 0ms
rtt min/avg/max/mdev = 5.375/5.375/5.375/0.000 ms
 
***
PING netflix.com (54.73.148.110) 56(84) bytes of data.

--- netflix.com ping statistics ---
1 packets transmitted, 0 received, 100% packet loss, time 0ms


----------------------------------------------
~~~ Ping Test with 1 ping(s) ~~~
~~~ Pinging 5 services ~~~
~~~ 2025 03 29 22:41:32 ~~~
----------------------------------------------

***
PING google.com (142.250.75.110) 56(84) bytes of data.
64 bytes from tztlva-ac-in-f14.1e100.net (142.250.75.110): icmp_seq=1 ttl=128 time=7.89 ms

--- google.com ping statistics ---
1 packets transmitted, 1 received, 0% packet loss, time 0ms
rtt min/avg/max/mdev = 7.894/7.894/7.894/0.000 ms

***
PING facebook.com (157.240.196.35) 56(84) bytes of data.
64 bytes from edge-star-mini-shv-02-mrs2.facebook.com (157.240.196.35): icmp_seq=1 ttl=128 time=46.7 ms

--- facebook.com ping statistics ---
1 packets transmitted, 1 received, 0% packet loss, time 0ms
rtt min/avg/max/mdev = 46.703/46.703/46.703/0.000 ms

***
PING tiktok.com (104.77.202.89) 56(84) bytes of data.
64 bytes from a104-77-202-89.deploy.static.akamaitechnologies.com (104.77.202.89): icmp_seq=1 ttl=128 time=6.32 ms

--- tiktok.com ping statistics ---
1 packets transmitted, 1 received, 0% packet loss, time 0ms
rtt min/avg/max/mdev = 6.316/6.316/6.316/0.000 ms

***
PING youtube.com (142.250.75.46) 56(84) bytes of data.
64 bytes from tztlva-aa-in-f14.1e100.net (142.250.75.46): icmp_seq=1 ttl=128 time=5.46 ms

--- youtube.com ping statistics ---
1 packets transmitted, 1 received, 0% packet loss, time 0ms
rtt min/avg/max/mdev = 5.460/5.460/5.460/0.000 ms

***

----------------------------------------------
~~~ Ping Test with 1 ping(s) ~~~
~~~ Pinging 5 services ~~~
~~~ 2025 03 29 22:41:51 ~~~
----------------------------------------------

***
PING google.com (142.250.75.78) 56(84) bytes of data.
64 bytes from tztlva-ab-in-f14.1e100.net (142.250.75.78): icmp_seq=1 ttl=128 time=6.98 ms

--- google.com ping statistics ---
1 packets transmitted, 1 received, 0% packet loss, time 0ms
rtt min/avg/max/mdev = 6.976/6.976/6.976/0.000 ms

***
PING facebook.com (157.240.196.35) 56(84) bytes of data.
64 bytes from edge-star-mini-shv-02-mrs2.facebook.com (157.240.196.35): icmp_seq=1 ttl=128 time=46.7 ms

--- facebook.com ping statistics ---
1 packets transmitted, 1 received, 0% packet loss, time 0ms
rtt min/avg/max/mdev = 46.733/46.733/46.733/0.000 ms

***
PING tiktok.com (104.77.202.89) 56(84) bytes of data.
64 bytes from a104-77-202-89.deploy.static.akamaitechnologies.com (104.77.202.89): icmp_seq=1 ttl=128 time=6.80 ms

--- tiktok.com ping statistics ---
1 packets transmitted, 1 received, 0% packet loss, time 0ms
rtt min/avg/max/mdev = 6.801/6.801/6.801/0.000 ms

***
PING youtube.com (142.250.75.174) 56(84) bytes of data.
64 bytes from lctlvq-ad-in-f14.1e100.net (142.250.75.174): icmp_seq=1 ttl=128 time=5.48 ms

--- youtube.com ping statistics ---
1 packets transmitted, 1 received, 0% packet loss, time 0ms
rtt min/avg/max/mdev = 5.477/5.477/5.477/0.000 ms

***
PING netflix.com (18.200.8.190) 56(84) bytes of data.

--- netflix.com ping statistics ---
1 packets transmitted, 0 received, 100% packet loss, time 0ms


========== PING TEST STARTED: 2025-03-29 22:44:02 ==========
PING google.com (142.250.75.46) 56(84) bytes of data.
64 bytes from tztlva-aa-in-f14.1e100.net (142.250.75.46): icmp_seq=1 ttl=128 time=6.54 ms

--- google.com ping statistics ---
1 packets transmitted, 1 received, 0% packet loss, time 0ms
rtt min/avg/max/mdev = 6.544/6.544/6.544/0.000 ms
google.com    6.544    6.544    6.544    0.000 ms
PING facebook.com (157.240.196.35) 56(84) bytes of data.
64 bytes from edge-star-mini-shv-02-mrs2.facebook.com (157.240.196.35): icmp_seq=1 ttl=128 time=46.0 ms

--- facebook.com ping statistics ---
1 packets transmitted, 1 received, 0% packet loss, time 0ms
rtt min/avg/max/mdev = 45.970/45.970/45.970/0.000 ms
facebook.com  45.970   45.970   45.970   0.000 ms
PING tiktok.com (212.25.69.136) 56(84) bytes of data.
64 bytes from bzq-25-69-136.cust.bezeqint.net (212.25.69.136): icmp_seq=1 ttl=128 time=6.03 ms

--- tiktok.com ping statistics ---
1 packets transmitted, 1 received, 0% packet loss, time 0ms
rtt min/avg/max/mdev = 6.028/6.028/6.028/0.000 ms
tiktok.com    6.028    6.028    6.028    0.000 ms
PING youtube.com (142.250.75.78) 56(84) bytes of data.
64 bytes from tztlva-ab-in-f14.1e100.net (142.250.75.78): icmp_seq=1 ttl=128 time=7.44 ms

--- youtube.com ping statistics ---
1 packets transmitted, 1 received, 0% packet loss, time 0ms
rtt min/avg/max/mdev = 7.439/7.439/7.439/0.000 ms
youtube.com   7.439    7.439    7.439    0.000 ms

========== PING TEST STARTED: 2025-03-29 22:44:09 ==========
PING google.com (142.250.75.110) 56(84) bytes of data.
64 bytes from tztlva-ac-in-f14.1e100.net (142.250.75.110): icmp_seq=1 ttl=128 time=7.38 ms

--- google.com ping statistics ---
1 packets transmitted, 1 received, 0% packet loss, time 0ms
rtt min/avg/max/mdev = 7.378/7.378/7.378/0.000 ms
google.com    7.378    7.378    7.378    0.000 ms
PING facebook.com (157.240.196.35) 56(84) bytes of data.
64 bytes from edge-star-mini-shv-02-mrs2.facebook.com (157.240.196.35): icmp_seq=1 ttl=128 time=45.5 ms

--- facebook.com ping statistics ---
1 packets transmitted, 1 received, 0% packet loss, time 0ms
rtt min/avg/max/mdev = 45.454/45.454/45.454/0.000 ms
facebook.com  45.454   45.454   45.454   0.000 ms
PING tiktok.com (212.25.69.168) 56(84) bytes of data.
64 bytes from bzq-25-69-168.cust.bezeqint.net (212.25.69.168): icmp_seq=1 ttl=128 time=5.84 ms

--- tiktok.com ping statistics ---
1 packets transmitted, 1 received, 0% packet loss, time 0ms
rtt min/avg/max/mdev = 5.840/5.840/5.840/0.000 ms
tiktok.com    5.840    5.840    5.840    0.000 ms
PING youtube.com (142.250.75.78) 56(84) bytes of data.
64 bytes from tztlva-ab-in-f14.1e100.net (142.250.75.78): icmp_seq=1 ttl=128 time=9.13 ms

--- youtube.com ping statistics ---
1 packets transmitted, 1 received, 0% packet loss, time 0ms
rtt min/avg/max/mdev = 9.130/9.130/9.130/0.000 ms
youtube.com   9.130    9.130    9.130    0.000 ms
PING netflix.com (54.246.79.9) 56(84) bytes of data.

--- netflix.com ping statistics ---
1 packets transmitted, 0 received, 100% packet loss, time 0ms


========== PING TEST STARTED: 2025-03-29 22:44:31 ==========
PING google.com (142.250.75.46) 56(84) bytes of data.
64 bytes from tztlva-aa-in-f14.1e100.net (142.250.75.46): icmp_seq=1 ttl=128 time=5.10 ms

--- google.com ping statistics ---
1 packets transmitted, 1 received, 0% packet loss, time 0ms
rtt min/avg/max/mdev = 5.101/5.101/5.101/0.000 ms
google.com    5.101    5.101    5.101    0.000 ms
PING facebook.com (157.240.196.35) 56(84) bytes of data.
64 bytes from edge-star-mini-shv-02-mrs2.facebook.com (157.240.196.35): icmp_seq=1 ttl=128 time=46.8 ms

--- facebook.com ping statistics ---
1 packets transmitted, 1 received, 0% packet loss, time 0ms
rtt min/avg/max/mdev = 46.823/46.823/46.823/0.000 ms
facebook.com  46.823   46.823   46.823   0.000 ms
PING tiktok.com (212.25.69.168) 56(84) bytes of data.
64 bytes from bzq-25-69-168.cust.bezeqint.net (212.25.69.168): icmp_seq=1 ttl=128 time=6.32 ms

--- tiktok.com ping statistics ---
1 packets transmitted, 1 received, 0% packet loss, time 0ms
rtt min/avg/max/mdev = 6.316/6.316/6.316/0.000 ms
tiktok.com    6.316    6.316    6.316    0.000 ms
PING youtube.com (142.250.75.78) 56(84) bytes of data.
64 bytes from tztlva-ab-in-f14.1e100.net (142.250.75.78): icmp_seq=1 ttl=128 time=5.56 ms

--- youtube.com ping statistics ---
1 packets transmitted, 1 received, 0% packet loss, time 0ms
rtt min/avg/max/mdev = 5.563/5.563/5.563/0.000 ms
youtube.com   5.563    5.563    5.563    0.000 ms
PING netflix.com (54.170.196.176) 56(84) bytes of data.

--- netflix.com ping statistics ---
1 packets transmitted, 0 received, 100% packet loss, time 0ms


===== GUI PING TEST =====
PING google.com (142.250.75.110) 56(84) bytes of data.
64 bytes from tztlva-ac-in-f14.1e100.net (142.250.75.110): icmp_seq=1 ttl=128 time=6.98 ms

--- google.com ping statistics ---
1 packets transmitted, 1 received, 0% packet loss, time 0ms
rtt min/avg/max/mdev = 6.984/6.984/6.984/0.000 ms
google.com    6.984    6.984    6.984    0.000 ms
PING facebook.com (157.240.196.35) 56(84) bytes of data.
64 bytes from edge-star-mini-shv-02-mrs2.facebook.com (157.240.196.35): icmp_seq=1 ttl=128 time=45.8 ms

--- facebook.com ping statistics ---
1 packets transmitted, 1 received, 0% packet loss, time 0ms
rtt min/avg/max/mdev = 45.756/45.756/45.756/0.000 ms
facebook.com  45.756   45.756   45.756   0.000 ms
PING tiktok.com (104.77.202.89) 56(84) bytes of data.
64 bytes from a104-77-202-89.deploy.static.akamaitechnologies.com (104.77.202.89): icmp_seq=1 ttl=128 time=6.90 ms

--- tiktok.com ping statistics ---
1 packets transmitted, 1 received, 0% packet loss, time 0ms
rtt min/avg/max/mdev = 6.901/6.901/6.901/0.000 ms
tiktok.com    6.901    6.901    6.901    0.000 ms
PING youtube.com (142.250.75.78) 56(84) bytes of data.
64 bytes from tztlva-ab-in-f14.1e100.net (142.250.75.78): icmp_seq=1 ttl=128 time=5.20 ms

--- youtube.com ping statistics ---
1 packets transmitted, 1 received, 0% packet loss, time 0ms
rtt min/avg/max/mdev = 5.204/5.204/5.204/0.000 ms
youtube.com   5.204    5.204    5.204    0.000 ms
PING netflix.com (54.246.79.9) 56(84) bytes of data.

--- netflix.com ping statistics ---
1 packets transmitted, 0 received, 100% packet loss, time 0ms


===== GUI PING TEST =====
PING google.com (142.250.75.110) 56(84) bytes of data.
64 bytes from tztlva-ac-in-f14.1e100.net (142.250.75.110): icmp_seq=1 ttl=128 time=7.22 ms

--- google.com ping statistics ---
1 packets transmitted, 1 received, 0% packet loss, time 0ms
rtt min/avg/max/mdev = 7.218/7.218/7.218/0.000 ms
google.com    7.218    7.218    7.218    0.000 ms
PING facebook.com (157.240.196.35) 56(84) bytes of data.
64 bytes from edge-star-mini-shv-02-mrs2.facebook.com (157.240.196.35): icmp_seq=1 ttl=128 time=44.6 ms

--- facebook.com ping statistics ---
1 packets transmitted, 1 received, 0% packet loss, time 0ms
rtt min/avg/max/mdev = 44.620/44.620/44.620/0.000 ms
facebook.com  44.620   44.620   44.620   0.000 ms
PING tiktok.com (104.77.202.83) 56(84) bytes of data.
64 bytes from a104-77-202-83.deploy.static.akamaitechnologies.com (104.77.202.83): icmp_seq=1 ttl=128 time=4.85 ms

--- tiktok.com ping statistics ---
1 packets transmitted, 1 received, 0% packet loss, time 0ms
rtt min/avg/max/mdev = 4.849/4.849/4.849/0.000 ms
tiktok.com    4.849    4.849    4.849    0.000 ms
PING youtube.com (142.250.75.78) 56(84) bytes of data.
64 bytes from tztlva-ab-in-f14.1e100.net (142.250.75.78): icmp_seq=1 ttl=128 time=7.76 ms

--- youtube.com ping statistics ---
1 packets transmitted, 1 received, 0% packet loss, time 0ms
rtt min/avg/max/mdev = 7.756/7.756/7.756/0.000 ms
youtube.com   7.756    7.756    7.756    0.000 ms
PING netflix.com (18.200.8.190) 56(84) bytes of data.

--- netflix.com ping statistics ---
1 packets transmitted, 0 received, 100% packet loss, time 0ms

